Executing command: %h
Executing command: %pickup
Executing command: %pickup
Executing command: %h
Executing command: %pickup
Executing command: %pickup
Executing command: %pickup
Executing command: %pickup
Executing command: %pickup
Executing command: %pickup
Executing command: %help
Executing command: %prompt moose
Executing command: %prompt hey callum what’s up
Executing command: %pickup
Executing command: %pickup
Executing command: %pickup
Executing command: %pickup
Executing command: %pickup
Executing command: %pickup
Executing command: %pickup
Executing command: %pickup
Executing command: %pickup
Executing command: %breakup
Executing command: %pickup
Executing command: %breakup
Executing command: %pickup
Executing command: %breakup
Executing command: %say Tite ka arganda
Executing command: %breakup
Executing command: %breakup
Executing command: %pickup
Executing command: %pickup
Executing command: %breakup
Executing command: %breakup
Executing command: %breakup
Executing command: %breakup
Executing command: %pickup
Executing command: %breakup
Executing command: %dadjoke
Executing command: %say ew flirting<:emoji_27:919816628336754688>
Executing command: %breakup
Executing command: %breakup
Executing command: %pickup
Executing command: %pickup
Executing command: %pickup
Executing command: %prompt 60 0 Hello
Executing command: %say u bitch
Executing command: %say stop it bitch
Executing command: %pickup
Executing command: %pickup
Executing command: %pickup
Executing command: %fact
Executing command: %help
Executing command: %dadjoke
